#
# There is insufficient memory for the Java Runtime Environment to continue.
# Native memory allocation (mmap) failed to map 534773760 bytes for Failed to commit area from 0x0000000602400000 to 0x0000000622200000 of length 534773760.
# Possible reasons:
#   The system is out of physical RAM or swap space
#   The process is running with CompressedOops enabled, and the Java Heap may be blocking the growth of the native heap
# Possible solutions:
#   Reduce memory load on the system
#   Increase physical memory or swap space
#   Check if swap backing store is full
#   Decrease Java heap size (-Xmx/-Xms)
#   Decrease number of Java threads
#   Decrease Java thread stack sizes (-Xss)
#   Set larger code cache with -XX:ReservedCodeCacheSize=
# This output file may be truncated or incomplete.
#
#  Out of Memory Error (./src/hotspot/os/windows/os_windows.cpp:3511), pid=9328, tid=2512
#
# JRE version:  (11.0.11+9) (build )
# Java VM: OpenJDK 64-Bit Server VM (11.0.11+9-b1504.13, mixed mode, sharing, tiered, compressed oops, g1 gc, windows-amd64)
# No core dump will be written. Minidumps are not enabled by default on client versions of Windows
#

---------------  S U M M A R Y ------------

Command Line: git4idea.http.GitAskPassApp Username for 'https://github.com': 

Host: Intel(R) Core(TM) i5-9300H CPU @ 2.40GHz, 8 cores, 31G,  Windows 10 , 64 bit Build 19041 (10.0.19041.1023)
Time: Fri Jul 30 03:07:39 2021 Финляндия (лето) elapsed time: 0.006943 seconds (0d 0h 0m 0s)

---------------  T H R E A D  ---------------

Current thread (0x000002d2b3930000):  JavaThread "Unknown thread" [_thread_in_vm, id=2512, stack(0x000000f4a4000000,0x000000f4a4100000)]

Stack: [0x000000f4a4000000,0x000000f4a4100000]
Native frames: (J=compiled Java code, j=interpreted, Vv=VM code, C=native code)
V  [jvm.dll+0x5f5d5a]
V  [jvm.dll+0x7798b5]
V  [jvm.dll+0x77aecd]
V  [jvm.dll+0x77b583]
V  [jvm.dll+0x244978]
V  [jvm.dll+0x5f3174]
V  [jvm.dll+0x5e7d55]
V  [jvm.dll+0x30068b]
V  [jvm.dll+0x3005fa]
V  [jvm.dll+0x3004d2]
V  [jvm.dll+0x3053c6]
V  [jvm.dll+0x34e0a3]
V  [jvm.dll+0x34e7a6]
V  [jvm.dll+0x34e1a3]
V  [jvm.dll+0x2db0c8]
V  [jvm.dll+0x2dc267]
V  [jvm.dll+0x758057]
V  [jvm.dll+0x75984c]
V  [jvm.dll+0x35b659]
V  [jvm.dll+0x73b67e]
V  [jvm.dll+0x3c39f3]
V  [jvm.dll+0x3c5dd1]
C  [jli.dll+0x5373]
C  [ucrtbase.dll+0x21bb2]
C  [KERNEL32.DLL+0x17034]
C  [ntdll.dll+0x52651]


---------------  P R O C E S S  ---------------

Threads class SMR info:
_java_thread_list=0x000002d2b1793a60, length=0, elements={
}

Java Threads: ( => current thread )

Other Threads:
  0x000002d2b3946800 GCTaskThread "GC Thread#0" [stack: 0x000000f4a4100000,0x000000f4a4200000] [id=15692]
  0x000002d2b39c7800 ConcurrentGCThread "G1 Main Marker" [stack: 0x000000f4a4200000,0x000000f4a4300000] [id=6772]
  0x000002d2b39c9800 ConcurrentGCThread "G1 Conc#0" [stack: 0x000000f4a4300000,0x000000f4a4400000] [id=9348]

[error occurred during error reporting (printing all threads), id 0xc0000005, EXCEPTION_ACCESS_VIOLATION (0xc0000005) at pc=0x00007fff1f32b8f7]

VM state:not at safepoint (not fully initialized)

VM Mutex/Monitor currently owned by a thread:  ([mutex/lock_event])
[0x000002d2b392a870] Heap_lock - owner thread: 0x000002d2b3930000

Heap address: 0x0000000602400000, size: 8156 MB, Compressed Oops mode: Non-zero based: 0x0000000602400000
Narrow klass base: 0x0000000000000000, Narrow klass shift: 0

GC Heap History (0 events):
No events

Deoptimization events (0 events):
No events

Classes redefined (0 events):
No events

Internal exceptions (0 events):
No events

Events (1 events):
Event: 0.004 Loaded shared library C:\Program Files\JetBrains\WebStorm 2021.1.2\jbr\bin\zip.dll


Dynamic libraries:
0x00007ff6bc6d0000 - 0x00007ff6bc6da000 	C:\Program Files\JetBrains\WebStorm 2021.1.2\jbr\bin\java.exe
0x00007fff81930000 - 0x00007fff81b25000 	C:\WINDOWS\SYSTEM32\ntdll.dll
0x00007fff80b50000 - 0x00007fff80c0d000 	C:\WINDOWS\System32\KERNEL32.DLL
0x00007fff7f070000 - 0x00007fff7f339000 	C:\WINDOWS\System32\KERNELBASE.dll
0x00007fff7f7c0000 - 0x00007fff7f8c0000 	C:\WINDOWS\System32\ucrtbase.dll
0x00007fff5b5c0000 - 0x00007fff5b5d9000 	C:\Program Files\JetBrains\WebStorm 2021.1.2\jbr\bin\jli.dll
0x00007fff57a40000 - 0x00007fff57a57000 	C:\Program Files\JetBrains\WebStorm 2021.1.2\jbr\bin\VCRUNTIME140.dll
0x00007fff800d0000 - 0x00007fff80270000 	C:\WINDOWS\System32\USER32.dll
0x00007fff7f970000 - 0x00007fff7f992000 	C:\WINDOWS\System32\win32u.dll
0x00007fff6e120000 - 0x00007fff6e3ba000 	C:\WINDOWS\WinSxS\amd64_microsoft.windows.common-controls_6595b64144ccf1df_6.0.19041.1110_none_60b5254171f9507e\COMCTL32.dll
0x00007fff80cd0000 - 0x00007fff80cfa000 	C:\WINDOWS\System32\GDI32.dll
0x00007fff80c20000 - 0x00007fff80cbe000 	C:\WINDOWS\System32\msvcrt.dll
0x00007fff7f340000 - 0x00007fff7f44b000 	C:\WINDOWS\System32\gdi32full.dll
0x00007fff7f6d0000 - 0x00007fff7f76d000 	C:\WINDOWS\System32\msvcp_win.dll
0x00007fff800a0000 - 0x00007fff800d0000 	C:\WINDOWS\System32\IMM32.DLL
0x00007fff4f660000 - 0x00007fff4f6fd000 	C:\Program Files\JetBrains\WebStorm 2021.1.2\jbr\bin\msvcp140.dll
0x00007fff1f040000 - 0x00007fff1fb8a000 	C:\Program Files\JetBrains\WebStorm 2021.1.2\jbr\bin\server\jvm.dll
0x00007fff80db0000 - 0x00007fff80e5c000 	C:\WINDOWS\System32\ADVAPI32.dll
0x00007fff81620000 - 0x00007fff816bb000 	C:\WINDOWS\System32\sechost.dll
0x00007fff7fa00000 - 0x00007fff7fb2a000 	C:\WINDOWS\System32\RPCRT4.dll
0x00007fff80c10000 - 0x00007fff80c18000 	C:\WINDOWS\System32\PSAPI.DLL
0x00007fff64490000 - 0x00007fff64499000 	C:\WINDOWS\SYSTEM32\WSOCK32.dll
0x00007fff71510000 - 0x00007fff71537000 	C:\WINDOWS\SYSTEM32\WINMM.dll
0x00007fff78780000 - 0x00007fff7878a000 	C:\WINDOWS\SYSTEM32\VERSION.dll
0x00007fff80e60000 - 0x00007fff80ecb000 	C:\WINDOWS\System32\WS2_32.dll
0x00007fff7d030000 - 0x00007fff7d042000 	C:\WINDOWS\SYSTEM32\kernel.appcore.dll
0x00007fff64b80000 - 0x00007fff64b91000 	C:\Program Files\JetBrains\WebStorm 2021.1.2\jbr\bin\verify.dll
0x00007fff7cd20000 - 0x00007fff7cf04000 	C:\WINDOWS\SYSTEM32\DBGHELP.DLL
0x00007fff64e20000 - 0x00007fff64e4c000 	C:\WINDOWS\SYSTEM32\dbgcore.DLL
0x00007fff7f640000 - 0x00007fff7f6c3000 	C:\WINDOWS\System32\bcryptPrimitives.dll
0x00007fff61ad0000 - 0x00007fff61af9000 	C:\Program Files\JetBrains\WebStorm 2021.1.2\jbr\bin\java.dll
0x00007fff7a4a0000 - 0x00007fff7a4ab000 	C:\Program Files\JetBrains\WebStorm 2021.1.2\jbr\bin\jimage.dll
0x00007fff61ab0000 - 0x00007fff61ac8000 	C:\Program Files\JetBrains\WebStorm 2021.1.2\jbr\bin\zip.dll

dbghelp: loaded successfully - version: 4.0.5 - missing functions: none
symbol engine: initialized successfully - sym options: 0x614 - pdb path: .;C:\Program Files\JetBrains\WebStorm 2021.1.2\jbr\bin;C:\WINDOWS\SYSTEM32;C:\WINDOWS\WinSxS\amd64_microsoft.windows.common-controls_6595b64144ccf1df_6.0.19041.1110_none_60b5254171f9507e;C:\Program Files\JetBrains\WebStorm 2021.1.2\jbr\bin\server

VM Arguments:
java_command: git4idea.http.GitAskPassApp Username for 'https://github.com': 
java_class_path (initial): C:/Program Files/JetBrains/WebStorm 2021.1.2/plugins/git4idea/lib/git4idea-rt.jar;C:/Program Files/JetBrains/WebStorm 2021.1.2/lib/3rd-party.jar
Launcher Type: SUN_STANDARD

[Global flags]
     intx CICompilerCount                          = 4                                         {product} {ergonomic}
     uint ConcGCThreads                            = 2                                         {product} {ergonomic}
     uint G1ConcRefinementThreads                  = 8                                         {product} {ergonomic}
   size_t G1HeapRegionSize                         = 2097152                                   {product} {ergonomic}
    uintx GCDrainStackTargetSize                   = 64                                        {product} {ergonomic}
   size_t InitialHeapSize                          = 534773760                                 {product} {ergonomic}
   size_t MarkStackSize                            = 4194304                                   {product} {ergonomic}
   size_t MaxHeapSize                              = 8552185856                                {product} {ergonomic}
   size_t MinHeapDeltaBytes                        = 2097152                                   {product} {ergonomic}
    uintx NonNMethodCodeHeapSize                   = 5836300                                {pd product} {ergonomic}
    uintx NonProfiledCodeHeapSize                  = 122910970                              {pd product} {ergonomic}
    uintx ProfiledCodeHeapSize                     = 122910970                              {pd product} {ergonomic}
    uintx ReservedCodeCacheSize                    = 251658240                              {pd product} {ergonomic}
     bool SegmentedCodeCache                       = true                                      {product} {ergonomic}
     bool UseCompressedClassPointers               = true                                 {lp64_product} {ergonomic}
     bool UseCompressedOops                        = true                                 {lp64_product} {ergonomic}
     bool UseG1GC                                  = true                                      {product} {ergonomic}
     bool UseLargePagesIndividualAllocation        = false                                  {pd product} {ergonomic}

Logging:
Log output configuration:
 #0: stdout all=warning uptime,level,tags
 #1: stderr all=off uptime,level,tags

Environment Variables:
JAVA_HOME=C:\Program Files\Java\jdk-16.0.1
PATH=C:/Program Files/Git/mingw64/libexec/git-core;C:/Program Files/Git/mingw64/libexec/git-core;C:\Program Files\Git\mingw64\bin;C:\Program Files\Git\usr\bin;C:\Users\vladc\bin;C:\Program Files\Common Files\Oracle\Java\javapath;C:\Program Files (x86)\Common Files\Oracle\Java\javapath;C:\ProgramData\Oracle\Java\javapath;C:\Program Files (x86)\Common Files\Intel\Shared Libraries\redist\intel64\compiler;C:\Windows\system32;C:\Windows;C:\Windows\System32\Wbem;C:\Windows\System32\WindowsPowerShell\v1.0\;C:\Windows\System32\OpenSSH\;C:\Program Files (x86)\NVIDIA Corporation\PhysX\Common;C:\Program Files\NVIDIA Corporation\NVIDIA NvDLISR;C:\WINDOWS\system32;C:\WINDOWS;C:\WINDOWS\System32\Wbem;C:\WINDOWS\System32\WindowsPowerShell\v1.0\;C:\WINDOWS\System32\OpenSSH\;C:\Program Files\Git\cmd;C:\Program Files\Java\jdk-16.0.1\bin;C:\Users\vladc\AppData\Local\Android\Sdk;C:\Users\vladc\AppData\Local\Android\Sdk\platform-tools;C:\Users\vladc\AppData\Local\Android\Sdk\watchman;C:\Program Files\nodejs\;C:\Users\vladc\.windows-build-tools\python27\;C:\Program Files\nodejs\node_modules\npm\node_modules\npm-lifecycle\node-gyp-bin;C:\Users\vladc\AppData\Roaming\npm\node_modules\windows-build-tools\node_modules\.bin;C:\Users\vladc\AppData\Roaming\npm\node_modules\.bin;C:\Program Files\Common Files\Oracle\Java\javapath;C:\Program Files (x86)\Common Files\Oracle\Java\javapath;C:\ProgramData\Oracle\Java\javapath;C:\Program Files (x86)\Common Files\Intel\Shared Libraries\redist\intel64\compiler;C:\Windows\system32;C:\Windows;C:\Windows\System32\Wbem;C:\Windows\System32\WindowsPowerShell\v1.0\;C:\Windows\System32\OpenSSH\;C:\Program Files (x86)\NVIDIA Corporation\PhysX\Common;C:\Program Files\NVIDIA Corporation\NVIDIA NvDLISR;C:\WINDOWS\system32;C:\WINDOWS;C:\WINDOWS\System32\Wbem;C:\WINDOWS\System32\WindowsPowerShell\v1.0\;C:\WINDOWS\System32\OpenSSH\;C:\Program Files\Git\cmd;C:\Program Files\Java\jdk-16.0.1\bin;C:\Users\vladc\AppData\Local\Android\Sdk;C:\Users\vladc\AppData\Local\Android\Sdk
USERNAME=vladc
DISPLAY=:0.0
LC_ALL=en_US.UTF-8
OS=Windows_NT
PROCESSOR_IDENTIFIER=Intel64 Family 6 Model 158 Stepping 13, GenuineIntel



---------------  S Y S T E M  ---------------

OS: Windows 10 , 64 bit Build 19041 (10.0.19041.1023)
OS uptime: 0 days 7:55 hours

CPU:total 8 (initial active 8) (4 cores per cpu, 2 threads per core) family 6 model 158 stepping 13 microcode 0xde, cmov, cx8, fxsr, mmx, sse, sse2, sse3, ssse3, sse4.1, sse4.2, popcnt, avx, avx2, aes, clmul, erms, 3dnowpref, lzcnt, ht, tsc, tscinvbit, bmi1, bmi2, adx, fma

Memory: 4k page, system-wide physical 32618M (18017M free)
TotalPageFile size 58218M (AvailPageFile size 221M)
current process WorkingSet (physical memory assigned to process): 10M, peak: 10M
current process commit charge ("private bytes"): 60M, peak: 570M

vm_info: OpenJDK 64-Bit Server VM (11.0.11+9-b1504.13) for windows-amd64 JRE (11.0.11+9-b1504.13), built on Jul 18 2021 03:17:44 by "" with MS VC++ 14.0 (VS2015)

END.
